<?xml version="1.0" encoding="UTF-8"?>
<testng-results ignored="0" total="1" passed="1" failed="0" skipped="0">
  <reporter-output>
  </reporter-output>
  <suite started-at="2022-03-05T11:41:31 WAT" name="Suite" finished-at="2022-03-05T11:41:37 WAT" duration-ms="5922">
    <groups>
    </groups>
    <test started-at="2022-03-05T11:41:31 WAT" name="Test" finished-at="2022-03-05T11:41:37 WAT" duration-ms="5922">
      <class name="com.todo.tests.AddToDoTest">
        <test-method is-config="true" signature="setUpTest(java.lang.String)[pri:0, instance:com.todo.tests.AddToDoTest@1b6e1eff]" started-at="2022-03-05T11:41:31 WAT" name="setUpTest" finished-at="2022-03-05T11:41:36 WAT" duration-ms="4812" status="PASS">
          <params>
            <param index="0">
              <value>
                <![CDATA[chrome]]>
              </value>
            </param>
          </params>
          <reporter-output>
          </reporter-output>
        </test-method> <!-- setUpTest -->
        <test-method signature="iAddMyToDo()[pri:0, instance:com.todo.tests.AddToDoTest@1b6e1eff]" started-at="2022-03-05T11:41:36 WAT" name="iAddMyToDo" finished-at="2022-03-05T11:41:36 WAT" duration-ms="319" status="PASS">
          <reporter-output>
          </reporter-output>
        </test-method> <!-- iAddMyToDo -->
        <test-method is-config="true" signature="cleanTest()[pri:0, instance:com.todo.tests.AddToDoTest@1b6e1eff]" started-at="2022-03-05T11:41:36 WAT" name="cleanTest" finished-at="2022-03-05T11:41:37 WAT" duration-ms="759" status="PASS">
          <reporter-output>
          </reporter-output>
        </test-method> <!-- cleanTest -->
      </class> <!-- com.todo.tests.AddToDoTest -->
    </test> <!-- Test -->
  </suite> <!-- Suite -->
</testng-results>
